<?xml version="1.0" encoding="UTF-8"?>
<!-- Generated by org.testng.reporters.JUnitReportReporter -->
<testsuite hostname="user" failures="0" tests="1" name="apitests.DELETETest" time="0.945" errors="0" timestamp="7 Mar 2021 10:48:04 GMT">
  <testcase classname="apitests.DELETETest" name="testDelete" time="0.945"/>
</testsuite> <!-- apitests.DELETETest -->
