<?xml version="1.0" encoding="UTF-8"?>
<!-- Generated by org.testng.reporters.JUnitReportReporter -->
<testsuite hostname="user" failures="0" tests="1" name="apitests.PUTTest" time="0.948" errors="0" timestamp="7 Mar 2021 10:48:04 GMT">
  <testcase classname="apitests.PUTTest" name="testPutForUpdate" time="0.948"/>
</testsuite> <!-- apitests.PUTTest -->
