<?xml version="1.0" encoding="UTF-8"?>
<!-- Generated by org.testng.reporters.JUnitReportReporter -->
<testsuite hostname="user" failures="0" tests="2" name="apitests.GETTest" time="15.600" errors="0" timestamp="7 Mar 2021 10:48:04 GMT">
  <testcase classname="apitests.GETTest" name="GetSingleUser" time="0.725"/>
  <testcase classname="apitests.GETTest" name="GetListOfUsers" time="14.875"/>
</testsuite> <!-- apitests.GETTest -->
